Using pre-set license
Built from '2020.3/staging' branch; Version is '2020.3.20f1 (41c4e627c95f) revision 4310246'; Using compiler version '192528614'; Build Type 'Release'
OS: 'Windows 8.1  (6.3.0) 64bit' Language: 'es' Physical Memory: 8112 MB
BatchMode: 1, IsHumanControllingUs: 0, StartBugReporterOnCrash: 0, Is64bit: 1, IsPro: 0

COMMAND LINE ARGUMENTS:
C:\Program Files\Unity\2020.3.20f1\Editor\Unity.exe
-adb2
-batchMode
-noUpm
-name
AssetImportWorker3
-projectPath
F:/Users/Docente/Documents/Unity projects/Github/Weasel-Racer-repo/Weasel-Racer-9000
-logFile
Logs/AssetImportWorker3.log
-srvPort
60015
Successfully changed project path to: F:/Users/Docente/Documents/Unity projects/Github/Weasel-Racer-repo/Weasel-Racer-9000
F:/Users/Docente/Documents/Unity projects/Github/Weasel-Racer-repo/Weasel-Racer-9000
Using Asset Import Pipeline V2.
Refreshing native plugins compatible for Editor in 395.60 ms, found 2 plugins.
Preloading 0 native plugins for Editor in 0.00 ms.
Initialize engine version: 2020.3.20f1 (41c4e627c95f)
[Subsystems] Discovering subsystems at path C:/Program Files/Unity/2020.3.20f1/Editor/Data/Resources/UnitySubsystems
[Subsystems] Discovering subsystems at path F:/Users/Docente/Documents/Unity projects/Github/Weasel-Racer-repo/Weasel-Racer-9000/Assets
GfxDevice: creating device client; threaded=0
d3d11: QueryInterface(IDXGIFactory5) failed (80004002).
Direct3D:
    Version:  Direct3D 11.0 [level 11.1]
    Renderer: Intel(R) HD Graphics Family (ID=0xa16)
    Vendor:   
    VRAM:     1792 MB
    Driver:   10.18.14.5180
Initialize mono
Mono path[0] = 'C:/Program Files/Unity/2020.3.20f1/Editor/Data/Managed'
Mono path[1] = 'C:/Program Files/Unity/2020.3.20f1/Editor/Data/MonoBleedingEdge/lib/mono/unityjit'
Mono config path = 'C:/Program Files/Unity/2020.3.20f1/Editor/Data/MonoBleedingEdge/etc'
Using monoOptions --debugger-agent=transport=dt_socket,embedding=1,server=y,suspend=n,address=127.0.0.1:56104
Begin MonoManager ReloadAssembly
Registering precompiled unity dll's ...
Register platform support module: C:/Program Files/Unity/2020.3.20f1/Editor/Data/PlaybackEngines/WebGLSupport/UnityEditor.WebGL.Extensions.dll
Register platform support module: C:/Program Files/Unity/2020.3.20f1/Editor/Data/PlaybackEngines/WindowsStandaloneSupport/UnityEditor.WindowsStandalone.Extensions.dll
Registered in 0.006193 seconds.
Native extension for WindowsStandalone target not found
Native extension for WebGL target not found
Refreshing native plugins compatible for Editor in 320.72 ms, found 2 plugins.
Preloading 0 native plugins for Editor in 0.00 ms.
Mono: successfully reloaded assembly
- Completed reload, in  6.129 seconds
Domain Reload Profiling:
	ReloadAssembly (6130ms)
		BeginReloadAssembly (312ms)
			ExecutionOrderSort (0ms)
			DisableScriptedObjects (0ms)
			BackupInstance (0ms)
			ReleaseScriptingObjects (0ms)
			CreateAndSetChildDomain (3ms)
		EndReloadAssembly (2445ms)
			LoadAssemblies (307ms)
			RebuildTransferFunctionScriptingTraits (1ms)
			SetupTypeCache (873ms)
			ReleaseScriptCaches (0ms)
			RebuildScriptCaches (161ms)
			SetupLoadedEditorAssemblies (1073ms)
				LogAssemblyErrors (0ms)
				InitializePlatformSupportModulesInManaged (28ms)
				SetLoadedEditorAssemblies (1ms)
				RefreshPlugins (321ms)
				BeforeProcessingInitializeOnLoad (94ms)
				ProcessInitializeOnLoadAttributes (465ms)
				ProcessInitializeOnLoadMethodAttributes (163ms)
				AfterProcessingInitializeOnLoad (0ms)
				EditorAssembliesLoaded (1ms)
			ExecutionOrderSort2 (0ms)
			AwakeInstancesAfterBackupRestoration (0ms)
Platform modules already initialized, skipping
Registering precompiled user dll's ...
Registered in 0.017747 seconds.
Begin MonoManager ReloadAssembly
Native extension for WindowsStandalone target not found
Native extension for WebGL target not found
Refreshing native plugins compatible for Editor in 405.93 ms, found 2 plugins.
Preloading 0 native plugins for Editor in 0.00 ms.
Mono: successfully reloaded assembly
- Completed reload, in  6.410 seconds
Domain Reload Profiling:
	ReloadAssembly (6412ms)
		BeginReloadAssembly (722ms)
			ExecutionOrderSort (0ms)
			DisableScriptedObjects (21ms)
			BackupInstance (0ms)
			ReleaseScriptingObjects (1ms)
			CreateAndSetChildDomain (70ms)
		EndReloadAssembly (5445ms)
			LoadAssemblies (548ms)
			RebuildTransferFunctionScriptingTraits (0ms)
			SetupTypeCache (2172ms)
			ReleaseScriptCaches (2ms)
			RebuildScriptCaches (258ms)
			SetupLoadedEditorAssemblies (1971ms)
				LogAssemblyErrors (0ms)
				InitializePlatformSupportModulesInManaged (26ms)
				SetLoadedEditorAssemblies (2ms)
				RefreshPlugins (406ms)
				BeforeProcessingInitializeOnLoad (363ms)
				ProcessInitializeOnLoadAttributes (1143ms)
				ProcessInitializeOnLoadMethodAttributes (18ms)
				AfterProcessingInitializeOnLoad (12ms)
				EditorAssembliesLoaded (1ms)
			ExecutionOrderSort2 (0ms)
			AwakeInstancesAfterBackupRestoration (30ms)
Platform modules already initialized, skipping
========================================================================
Worker process is ready to serve import requests
Launched and connected shader compiler UnityShaderCompiler.exe after 0.30 seconds
Refreshing native plugins compatible for Editor in 2.15 ms, found 2 plugins.
Preloading 0 native plugins for Editor in 0.00 ms.
Unloading 3243 Unused Serialized files (Serialized files now loaded: 0)
System memory in use before: 149.8 MB.
System memory in use after: 149.9 MB.

Unloading 19 unused Assets to reduce memory usage. Loaded Objects now: 3680.
Total: 14.104479 ms (FindLiveObjects: 0.673623 ms CreateObjectMapping: 1.102537 ms MarkObjects: 11.835662 ms  DeleteObjects: 0.485635 ms)

AssetImportParameters requested are different than current active one (requested -> active):
  custom:framework-win-MediaFoundation: 216162199b28c13a410421893ffa2e32 -> 
  custom:video-decoder-ogg-theora: a1e56fd34408186e4bbccfd4996cb3dc -> 
  custom:container-muxer-webm: aa71ff27fc2769a1b78a27578f13a17b -> 
  custom:container-demuxer-webm: 4f35f7cbe854078d1ac9338744f61a02 -> 
  custom:container-demuxer-ogg: 62fdf1f143b41e24485cea50d1cbac27 -> 
  custom:video-encoder-webm-vp8: eb34c28f22e8b96e1ab97ce403110664 -> 
  custom:video-decoder-webm-vp8: 9c59270c3fd7afecdb556c50c9e8de78 -> 
  custom:audio-decoder-ogg-vorbis: bf7c407c2cedff20999df2af8eb42d56 -> 
  custom:audio-encoder-webm-vorbis: bf7c407c2cedff20999df2af8eb42d56 -> 
========================================================================
Received Import Request.
  path: Assets/Scenes
  artifactKey: Guid(669625348becf084589686b3c4f4b827) Importer(815301076,1909f56bfc062723c751e8b465ee728b)
Start importing Assets/Scenes using Guid(669625348becf084589686b3c4f4b827) Importer(815301076,1909f56bfc062723c751e8b465ee728b)  -> (artifact id: '1ec83a67dc2d3f69033daec456335fb2') in 0.031641 seconds 
  Import took 0.058082 seconds .

========================================================================
Received Import Request.
  Time since last request: 0.001267 seconds.
  path: Assets/ExampleAssets
  artifactKey: Guid(990f5c2df70993f4987a388ca178996a) Importer(815301076,1909f56bfc062723c751e8b465ee728b)
Start importing Assets/ExampleAssets using Guid(990f5c2df70993f4987a388ca178996a) Importer(815301076,1909f56bfc062723c751e8b465ee728b)  -> (artifact id: 'd5ac45704b3e904ca5b19a6457cc79ac') in 0.005196 seconds 
  Import took 0.032353 seconds .

========================================================================
Received Import Request.
  Time since last request: 0.001115 seconds.
  path: Assets/Scenes/Menu.unity
  artifactKey: Guid(fbe69cab7105a0146a6260cd4711d145) Importer(815301076,1909f56bfc062723c751e8b465ee728b)
Start importing Assets/Scenes/Menu.unity using Guid(fbe69cab7105a0146a6260cd4711d145) Importer(815301076,1909f56bfc062723c751e8b465ee728b)  -> (artifact id: '0119471c87b403bd066cc4bffbe88869') in 0.033611 seconds 
  Import took 0.066905 seconds .

========================================================================
Received Prepare
Refreshing native plugins compatible for Editor in 138.38 ms, found 2 plugins.
Preloading 0 native plugins for Editor in 0.00 ms.
Unloading 11 Unused Serialized files (Serialized files now loaded: 0)
System memory in use before: 76.6 MB.
System memory in use after: 76.8 MB.

Unloading 11 unused Assets to reduce memory usage. Loaded Objects now: 3680.
Total: 11.163660 ms (FindLiveObjects: 0.469969 ms CreateObjectMapping: 0.278740 ms MarkObjects: 10.257754 ms  DeleteObjects: 0.152875 ms)

AssetImportParameters requested are different than current active one (requested -> active):
  custom:framework-win-MediaFoundation: 216162199b28c13a410421893ffa2e32 -> 
  custom:video-decoder-ogg-theora: a1e56fd34408186e4bbccfd4996cb3dc -> 
  custom:container-muxer-webm: aa71ff27fc2769a1b78a27578f13a17b -> 
  custom:container-demuxer-webm: 4f35f7cbe854078d1ac9338744f61a02 -> 
  custom:container-demuxer-ogg: 62fdf1f143b41e24485cea50d1cbac27 -> 
  custom:video-encoder-webm-vp8: eb34c28f22e8b96e1ab97ce403110664 -> 
  custom:video-decoder-webm-vp8: 9c59270c3fd7afecdb556c50c9e8de78 -> 
  custom:audio-decoder-ogg-vorbis: bf7c407c2cedff20999df2af8eb42d56 -> 
  custom:audio-encoder-webm-vorbis: bf7c407c2cedff20999df2af8eb42d56 -> 
========================================================================
Received Import Request.
  Time since last request: 2841.886055 seconds.
  path: Assets/Scripts/GameManager.cs
  artifactKey: Guid(e1b850d0d40e96e41b2677f1589321a5) Importer(815301076,1909f56bfc062723c751e8b465ee728b)
Start importing Assets/Scripts/GameManager.cs using Guid(e1b850d0d40e96e41b2677f1589321a5) Importer(815301076,1909f56bfc062723c751e8b465ee728b)  -> (artifact id: '8bc95fde81eaaf3916c069203e521c8b') in 0.287690 seconds 
  Import took 0.303877 seconds .

========================================================================
Received Prepare
Registering precompiled user dll's ...
Registered in 0.008078 seconds.
Begin MonoManager ReloadAssembly
Native extension for WindowsStandalone target not found
Native extension for WebGL target not found
Refreshing native plugins compatible for Editor in 3.88 ms, found 2 plugins.
Preloading 0 native plugins for Editor in 0.00 ms.
Mono: successfully reloaded assembly
- Completed reload, in  6.393 seconds
Domain Reload Profiling:
	ReloadAssembly (6397ms)
		BeginReloadAssembly (775ms)
			ExecutionOrderSort (0ms)
			DisableScriptedObjects (35ms)
			BackupInstance (0ms)
			ReleaseScriptingObjects (1ms)
			CreateAndSetChildDomain (205ms)
		EndReloadAssembly (5388ms)
			LoadAssemblies (661ms)
			RebuildTransferFunctionScriptingTraits (0ms)
			SetupTypeCache (1956ms)
			ReleaseScriptCaches (6ms)
			RebuildScriptCaches (245ms)
			SetupLoadedEditorAssemblies (1782ms)
				LogAssemblyErrors (0ms)
				InitializePlatformSupportModulesInManaged (36ms)
				SetLoadedEditorAssemblies (3ms)
				RefreshPlugins (4ms)
				BeforeProcessingInitializeOnLoad (469ms)
				ProcessInitializeOnLoadAttributes (1228ms)
				ProcessInitializeOnLoadMethodAttributes (21ms)
				AfterProcessingInitializeOnLoad (19ms)
				EditorAssembliesLoaded (1ms)
			ExecutionOrderSort2 (0ms)
			AwakeInstancesAfterBackupRestoration (44ms)
Platform modules already initialized, skipping
Refreshing native plugins compatible for Editor in 3.28 ms, found 2 plugins.
Preloading 0 native plugins for Editor in 0.00 ms.
Unloading 3095 Unused Serialized files (Serialized files now loaded: 0)
System memory in use before: 138.8 MB.
System memory in use after: 138.9 MB.

Unloading 14 unused Assets to reduce memory usage. Loaded Objects now: 3682.
Total: 17.950124 ms (FindLiveObjects: 2.025189 ms CreateObjectMapping: 0.690909 ms MarkObjects: 14.965009 ms  DeleteObjects: 0.263615 ms)

AssetImportParameters requested are different than current active one (requested -> active):
  custom:framework-win-MediaFoundation: 216162199b28c13a410421893ffa2e32 -> 
  custom:video-decoder-ogg-theora: a1e56fd34408186e4bbccfd4996cb3dc -> 
  custom:container-muxer-webm: aa71ff27fc2769a1b78a27578f13a17b -> 
  custom:container-demuxer-webm: 4f35f7cbe854078d1ac9338744f61a02 -> 
  custom:container-demuxer-ogg: 62fdf1f143b41e24485cea50d1cbac27 -> 
  custom:video-encoder-webm-vp8: eb34c28f22e8b96e1ab97ce403110664 -> 
  custom:video-decoder-webm-vp8: 9c59270c3fd7afecdb556c50c9e8de78 -> 
  custom:audio-decoder-ogg-vorbis: bf7c407c2cedff20999df2af8eb42d56 -> 
  custom:audio-encoder-webm-vorbis: bf7c407c2cedff20999df2af8eb42d56 -> 
========================================================================
Received Prepare
Registering precompiled user dll's ...
Registered in 0.010231 seconds.
Begin MonoManager ReloadAssembly
Native extension for WindowsStandalone target not found
Native extension for WebGL target not found
Refreshing native plugins compatible for Editor in 1.52 ms, found 2 plugins.
Preloading 0 native plugins for Editor in 0.00 ms.
Mono: successfully reloaded assembly
- Completed reload, in  2.802 seconds
Domain Reload Profiling:
	ReloadAssembly (2803ms)
		BeginReloadAssembly (462ms)
			ExecutionOrderSort (0ms)
			DisableScriptedObjects (11ms)
			BackupInstance (0ms)
			ReleaseScriptingObjects (0ms)
			CreateAndSetChildDomain (71ms)
		EndReloadAssembly (2206ms)
			LoadAssemblies (207ms)
			RebuildTransferFunctionScriptingTraits (0ms)
			SetupTypeCache (721ms)
			ReleaseScriptCaches (3ms)
			RebuildScriptCaches (107ms)
			SetupLoadedEditorAssemblies (951ms)
				LogAssemblyErrors (0ms)
				InitializePlatformSupportModulesInManaged (314ms)
				SetLoadedEditorAssemblies (1ms)
				RefreshPlugins (2ms)
				BeforeProcessingInitializeOnLoad (169ms)
				ProcessInitializeOnLoadAttributes (449ms)
				ProcessInitializeOnLoadMethodAttributes (8ms)
				AfterProcessingInitializeOnLoad (8ms)
				EditorAssembliesLoaded (1ms)
			ExecutionOrderSort2 (0ms)
			AwakeInstancesAfterBackupRestoration (27ms)
Platform modules already initialized, skipping
Refreshing native plugins compatible for Editor in 1.64 ms, found 2 plugins.
Preloading 0 native plugins for Editor in 0.00 ms.
Unloading 3095 Unused Serialized files (Serialized files now loaded: 0)
System memory in use before: 138.8 MB.
System memory in use after: 139.0 MB.

Unloading 14 unused Assets to reduce memory usage. Loaded Objects now: 3684.
Total: 6.286244 ms (FindLiveObjects: 0.420271 ms CreateObjectMapping: 0.293326 ms MarkObjects: 5.418151 ms  DeleteObjects: 0.151254 ms)

AssetImportParameters requested are different than current active one (requested -> active):
  custom:framework-win-MediaFoundation: 216162199b28c13a410421893ffa2e32 -> 
  custom:video-decoder-ogg-theora: a1e56fd34408186e4bbccfd4996cb3dc -> 
  custom:container-muxer-webm: aa71ff27fc2769a1b78a27578f13a17b -> 
  custom:container-demuxer-webm: 4f35f7cbe854078d1ac9338744f61a02 -> 
  custom:container-demuxer-ogg: 62fdf1f143b41e24485cea50d1cbac27 -> 
  custom:video-encoder-webm-vp8: eb34c28f22e8b96e1ab97ce403110664 -> 
  custom:video-decoder-webm-vp8: 9c59270c3fd7afecdb556c50c9e8de78 -> 
  custom:audio-decoder-ogg-vorbis: bf7c407c2cedff20999df2af8eb42d56 -> 
  custom:audio-encoder-webm-vorbis: bf7c407c2cedff20999df2af8eb42d56 -> 
========================================================================
Received Import Request.
  Time since last request: 1919.833049 seconds.
  path: Assets/Scripts/DisplaySelectedCarOnClick.cs
  artifactKey: Guid(9487a066cebfcad47a3d2b6e0264b355) Importer(815301076,1909f56bfc062723c751e8b465ee728b)
Start importing Assets/Scripts/DisplaySelectedCarOnClick.cs using Guid(9487a066cebfcad47a3d2b6e0264b355) Importer(815301076,1909f56bfc062723c751e8b465ee728b)  -> (artifact id: '843513847e36daac6e14d79a0867fc34') in 0.012831 seconds 
  Import took 0.022402 seconds .

========================================================================
Received Prepare
Registering precompiled user dll's ...
Registered in 0.004930 seconds.
Begin MonoManager ReloadAssembly
Native extension for WindowsStandalone target not found
Native extension for WebGL target not found
Refreshing native plugins compatible for Editor in 1.71 ms, found 2 plugins.
Preloading 0 native plugins for Editor in 0.00 ms.
Mono: successfully reloaded assembly
- Completed reload, in  3.773 seconds
Domain Reload Profiling:
	ReloadAssembly (3775ms)
		BeginReloadAssembly (304ms)
			ExecutionOrderSort (0ms)
			DisableScriptedObjects (29ms)
			BackupInstance (0ms)
			ReleaseScriptingObjects (0ms)
			CreateAndSetChildDomain (83ms)
		EndReloadAssembly (3312ms)
			LoadAssemblies (226ms)
			RebuildTransferFunctionScriptingTraits (0ms)
			SetupTypeCache (918ms)
			ReleaseScriptCaches (4ms)
			RebuildScriptCaches (215ms)
			SetupLoadedEditorAssemblies (1075ms)
				LogAssemblyErrors (0ms)
				InitializePlatformSupportModulesInManaged (16ms)
				SetLoadedEditorAssemblies (1ms)
				RefreshPlugins (2ms)
				BeforeProcessingInitializeOnLoad (262ms)
				ProcessInitializeOnLoadAttributes (763ms)
				ProcessInitializeOnLoadMethodAttributes (14ms)
				AfterProcessingInitializeOnLoad (16ms)
				EditorAssembliesLoaded (1ms)
			ExecutionOrderSort2 (0ms)
			AwakeInstancesAfterBackupRestoration (45ms)
Platform modules already initialized, skipping
Refreshing native plugins compatible for Editor in 1.58 ms, found 2 plugins.
Preloading 0 native plugins for Editor in 0.00 ms.
Unloading 3095 Unused Serialized files (Serialized files now loaded: 0)
System memory in use before: 138.9 MB.
System memory in use after: 139.0 MB.

Unloading 14 unused Assets to reduce memory usage. Loaded Objects now: 3686.
Total: 9.839643 ms (FindLiveObjects: 0.604478 ms CreateObjectMapping: 0.392721 ms MarkObjects: 8.616103 ms  DeleteObjects: 0.222020 ms)

AssetImportParameters requested are different than current active one (requested -> active):
  custom:framework-win-MediaFoundation: 216162199b28c13a410421893ffa2e32 -> 
  custom:video-decoder-ogg-theora: a1e56fd34408186e4bbccfd4996cb3dc -> 
  custom:container-muxer-webm: aa71ff27fc2769a1b78a27578f13a17b -> 
  custom:container-demuxer-webm: 4f35f7cbe854078d1ac9338744f61a02 -> 
  custom:container-demuxer-ogg: 62fdf1f143b41e24485cea50d1cbac27 -> 
  custom:video-encoder-webm-vp8: eb34c28f22e8b96e1ab97ce403110664 -> 
  custom:video-decoder-webm-vp8: 9c59270c3fd7afecdb556c50c9e8de78 -> 
  custom:audio-decoder-ogg-vorbis: bf7c407c2cedff20999df2af8eb42d56 -> 
  custom:audio-encoder-webm-vorbis: bf7c407c2cedff20999df2af8eb42d56 -> 
========================================================================
Received Import Request.
  Time since last request: 1152.626039 seconds.
  path: Assets/Scenes/Main.unity
  artifactKey: Guid(181608957ac0d2744b362fea906b0cb9) Importer(815301076,1909f56bfc062723c751e8b465ee728b)
Start importing Assets/Scenes/Main.unity using Guid(181608957ac0d2744b362fea906b0cb9) Importer(815301076,1909f56bfc062723c751e8b465ee728b)  -> (artifact id: '599d5e573a4d4bc6313683d94fd8a0ac') in 0.067434 seconds 
  Import took 0.261941 seconds .

========================================================================
Received Import Request.
  Time since last request: 185.593353 seconds.
  path: Assets/Scripts/GameManager.cs
  artifactKey: Guid(e1b850d0d40e96e41b2677f1589321a5) Importer(815301076,1909f56bfc062723c751e8b465ee728b)
Start importing Assets/Scripts/GameManager.cs using Guid(e1b850d0d40e96e41b2677f1589321a5) Importer(815301076,1909f56bfc062723c751e8b465ee728b)  -> (artifact id: '6b96467385a8763fd98ea7a6e0eba6c9') in 0.032478 seconds 
  Import took 0.045431 seconds .

========================================================================
Received Prepare
Registering precompiled user dll's ...
Registered in 0.010163 seconds.
Begin MonoManager ReloadAssembly
Native extension for WindowsStandalone target not found
Native extension for WebGL target not found
Refreshing native plugins compatible for Editor in 1.08 ms, found 2 plugins.
Preloading 0 native plugins for Editor in 0.00 ms.
Mono: successfully reloaded assembly
- Completed reload, in  3.288 seconds
Domain Reload Profiling:
	ReloadAssembly (3289ms)
		BeginReloadAssembly (324ms)
			ExecutionOrderSort (0ms)
			DisableScriptedObjects (9ms)
			BackupInstance (0ms)
			ReleaseScriptingObjects (0ms)
			CreateAndSetChildDomain (93ms)
		EndReloadAssembly (2790ms)
			LoadAssemblies (304ms)
			RebuildTransferFunctionScriptingTraits (0ms)
			SetupTypeCache (1043ms)
			ReleaseScriptCaches (3ms)
			RebuildScriptCaches (130ms)
			SetupLoadedEditorAssemblies (1010ms)
				LogAssemblyErrors (0ms)
				InitializePlatformSupportModulesInManaged (16ms)
				SetLoadedEditorAssemblies (1ms)
				RefreshPlugins (1ms)
				BeforeProcessingInitializeOnLoad (272ms)
				ProcessInitializeOnLoadAttributes (693ms)
				ProcessInitializeOnLoadMethodAttributes (15ms)
				AfterProcessingInitializeOnLoad (11ms)
				EditorAssembliesLoaded (1ms)
			ExecutionOrderSort2 (0ms)
			AwakeInstancesAfterBackupRestoration (27ms)
Platform modules already initialized, skipping
Refreshing native plugins compatible for Editor in 1.64 ms, found 2 plugins.
Preloading 0 native plugins for Editor in 0.00 ms.
Unloading 3095 Unused Serialized files (Serialized files now loaded: 0)
System memory in use before: 138.9 MB.
System memory in use after: 139.1 MB.

Unloading 14 unused Assets to reduce memory usage. Loaded Objects now: 3688.
Total: 7.859830 ms (FindLiveObjects: 0.426213 ms CreateObjectMapping: 0.261454 ms MarkObjects: 6.998760 ms  DeleteObjects: 0.169621 ms)

AssetImportParameters requested are different than current active one (requested -> active):
  custom:framework-win-MediaFoundation: 216162199b28c13a410421893ffa2e32 -> 
  custom:video-decoder-ogg-theora: a1e56fd34408186e4bbccfd4996cb3dc -> 
  custom:container-muxer-webm: aa71ff27fc2769a1b78a27578f13a17b -> 
  custom:container-demuxer-webm: 4f35f7cbe854078d1ac9338744f61a02 -> 
  custom:container-demuxer-ogg: 62fdf1f143b41e24485cea50d1cbac27 -> 
  custom:video-encoder-webm-vp8: eb34c28f22e8b96e1ab97ce403110664 -> 
  custom:video-decoder-webm-vp8: 9c59270c3fd7afecdb556c50c9e8de78 -> 
  custom:audio-decoder-ogg-vorbis: bf7c407c2cedff20999df2af8eb42d56 -> 
  custom:audio-encoder-webm-vorbis: bf7c407c2cedff20999df2af8eb42d56 -> 
========================================================================
Received Import Request.
  Time since last request: 439.930114 seconds.
  path: Assets/Scripts/SaveData.cs
  artifactKey: Guid(934ace0fc740b584ebd506ac7c207709) Importer(815301076,1909f56bfc062723c751e8b465ee728b)
Start importing Assets/Scripts/SaveData.cs using Guid(934ace0fc740b584ebd506ac7c207709) Importer(815301076,1909f56bfc062723c751e8b465ee728b)  -> (artifact id: '12eda4919a663fa15969e9f395fede04') in 0.026160 seconds 
  Import took 0.098687 seconds .

========================================================================
Received Prepare
Registering precompiled user dll's ...
Registered in 0.006657 seconds.
Begin MonoManager ReloadAssembly
Native extension for WindowsStandalone target not found
Native extension for WebGL target not found
Refreshing native plugins compatible for Editor in 0.94 ms, found 2 plugins.
Preloading 0 native plugins for Editor in 0.00 ms.
Mono: successfully reloaded assembly
- Completed reload, in  8.486 seconds
Domain Reload Profiling:
	ReloadAssembly (8487ms)
		BeginReloadAssembly (684ms)
			ExecutionOrderSort (0ms)
			DisableScriptedObjects (10ms)
			BackupInstance (0ms)
			ReleaseScriptingObjects (0ms)
			CreateAndSetChildDomain (183ms)
		EndReloadAssembly (7087ms)
			LoadAssemblies (1247ms)
			RebuildTransferFunctionScriptingTraits (0ms)
			SetupTypeCache (2094ms)
			ReleaseScriptCaches (3ms)
			RebuildScriptCaches (294ms)
			SetupLoadedEditorAssemblies (1810ms)
				LogAssemblyErrors (0ms)
				InitializePlatformSupportModulesInManaged (9ms)
				SetLoadedEditorAssemblies (1ms)
				RefreshPlugins (1ms)
				BeforeProcessingInitializeOnLoad (459ms)
				ProcessInitializeOnLoadAttributes (1299ms)
				ProcessInitializeOnLoadMethodAttributes (18ms)
				AfterProcessingInitializeOnLoad (21ms)
				EditorAssembliesLoaded (1ms)
			ExecutionOrderSort2 (0ms)
			AwakeInstancesAfterBackupRestoration (40ms)
Platform modules already initialized, skipping
Refreshing native plugins compatible for Editor in 2.10 ms, found 2 plugins.
Preloading 0 native plugins for Editor in 0.00 ms.
Unloading 3095 Unused Serialized files (Serialized files now loaded: 0)
System memory in use before: 138.9 MB.
System memory in use after: 139.1 MB.

Unloading 14 unused Assets to reduce memory usage. Loaded Objects now: 3690.
Total: 14.324338 ms (FindLiveObjects: 0.929135 ms CreateObjectMapping: 0.730883 ms MarkObjects: 12.233245 ms  DeleteObjects: 0.424053 ms)

AssetImportParameters requested are different than current active one (requested -> active):
  custom:framework-win-MediaFoundation: 216162199b28c13a410421893ffa2e32 -> 
  custom:video-decoder-ogg-theora: a1e56fd34408186e4bbccfd4996cb3dc -> 
  custom:container-muxer-webm: aa71ff27fc2769a1b78a27578f13a17b -> 
  custom:container-demuxer-webm: 4f35f7cbe854078d1ac9338744f61a02 -> 
  custom:container-demuxer-ogg: 62fdf1f143b41e24485cea50d1cbac27 -> 
  custom:video-encoder-webm-vp8: eb34c28f22e8b96e1ab97ce403110664 -> 
  custom:video-decoder-webm-vp8: 9c59270c3fd7afecdb556c50c9e8de78 -> 
  custom:audio-decoder-ogg-vorbis: bf7c407c2cedff20999df2af8eb42d56 -> 
  custom:audio-encoder-webm-vorbis: bf7c407c2cedff20999df2af8eb42d56 -> 
========================================================================
Received Import Request.
  Time since last request: 2465.962742 seconds.
  path: Assets/Scripts/SaveData.cs
  artifactKey: Guid(934ace0fc740b584ebd506ac7c207709) Importer(815301076,1909f56bfc062723c751e8b465ee728b)
Start importing Assets/Scripts/SaveData.cs using Guid(934ace0fc740b584ebd506ac7c207709) Importer(815301076,1909f56bfc062723c751e8b465ee728b)  -> (artifact id: '1ec0d832d401cc5934a1efea2fb150c1') in 0.024276 seconds 
  Import took 0.076889 seconds .

========================================================================
Received Import Request.
  Time since last request: 651.580462 seconds.
  path: Assets/Toon Racing/Prefabs/Cars/Rally/Rally_Car_2C.prefab
  artifactKey: Guid(d25fb278a7865124ebe53de967e485e5) Importer(815301076,1909f56bfc062723c751e8b465ee728b)
Start importing Assets/Toon Racing/Prefabs/Cars/Rally/Rally_Car_2C.prefab using Guid(d25fb278a7865124ebe53de967e485e5) Importer(815301076,1909f56bfc062723c751e8b465ee728b)  -> (artifact id: '18085ae2399d14ec580ebf8cd057f402') in 6.040133 seconds 
  Import took 6.080952 seconds .

========================================================================
Received Import Request.
  Time since last request: 0.000926 seconds.
  path: Assets/Toon Racing/Prefabs/Cars/Rally/Rally_Car_3C.prefab
  artifactKey: Guid(34a795d4163962c44a2a42cd6a8c5c46) Importer(815301076,1909f56bfc062723c751e8b465ee728b)
Start importing Assets/Toon Racing/Prefabs/Cars/Rally/Rally_Car_3C.prefab using Guid(34a795d4163962c44a2a42cd6a8c5c46) Importer(815301076,1909f56bfc062723c751e8b465ee728b)  -> (artifact id: 'c4c2ae6f3216340444674dbdf28131c5') in 0.328693 seconds 
  Import took 0.503078 seconds .

========================================================================
Received Import Request.
  Time since last request: 0.000941 seconds.
  path: Assets/Toon Racing/Prefabs/Cars/Rally/Rally_Car_4B.prefab
  artifactKey: Guid(98731c4c52ee2467399ab3c51df44b7f) Importer(815301076,1909f56bfc062723c751e8b465ee728b)
Start importing Assets/Toon Racing/Prefabs/Cars/Rally/Rally_Car_4B.prefab using Guid(98731c4c52ee2467399ab3c51df44b7f) Importer(815301076,1909f56bfc062723c751e8b465ee728b)  -> (artifact id: '5ebd53b12007d033f756db6be16bb044') in 0.180551 seconds 
  Import took 0.223011 seconds .

========================================================================
Received Import Request.
  Time since last request: 0.000809 seconds.
  path: Assets/Toon Racing/Models/Colliders/Rally_Car_4A_MeshCollider.fbx
  artifactKey: Guid(311fea7075f4d43d98b3eff6f4ead669) Importer(815301076,1909f56bfc062723c751e8b465ee728b)
Start importing Assets/Toon Racing/Models/Colliders/Rally_Car_4A_MeshCollider.fbx using Guid(311fea7075f4d43d98b3eff6f4ead669) Importer(815301076,1909f56bfc062723c751e8b465ee728b)  -> (artifact id: '7ce1969fc7fcad9d5fb8ddd703eb936f') in 1.735545 seconds 
  Import took 1.751703 seconds .

========================================================================
Received Import Request.
  Time since last request: 0.001225 seconds.
  path: Assets/Prefabs/Rally_Car_3B.prefab
  artifactKey: Guid(51b43518aa6a6c141b5013ba7cd04c2d) Importer(815301076,1909f56bfc062723c751e8b465ee728b)
Start importing Assets/Prefabs/Rally_Car_3B.prefab using Guid(51b43518aa6a6c141b5013ba7cd04c2d) Importer(815301076,1909f56bfc062723c751e8b465ee728b)  -> (artifact id: 'f8c104cafc0ad4d924e751191e81fffb') in 0.202657 seconds 
  Import took 0.243714 seconds .

========================================================================
Received Import Request.
  Time since last request: 0.001049 seconds.
  path: Assets/Toon Racing/Prefabs/Cars/Rally/Rally_Car_4C.prefab
  artifactKey: Guid(02035d56d03f7e441b84e0c4cd29f77d) Importer(815301076,1909f56bfc062723c751e8b465ee728b)
Start importing Assets/Toon Racing/Prefabs/Cars/Rally/Rally_Car_4C.prefab using Guid(02035d56d03f7e441b84e0c4cd29f77d) Importer(815301076,1909f56bfc062723c751e8b465ee728b)  -> (artifact id: '16f1d89498ed8aae66a5029fad23d96c') in 0.093175 seconds 
  Import took 0.213452 seconds .

========================================================================
Received Import Request.
  Time since last request: 0.000879 seconds.
  path: Assets/Toon Racing/Models/Colliders/Rally_Car_3A_MeshCollider.fbx
  artifactKey: Guid(62866ae7b565c4370a4f58d31754cbbb) Importer(815301076,1909f56bfc062723c751e8b465ee728b)
Start importing Assets/Toon Racing/Models/Colliders/Rally_Car_3A_MeshCollider.fbx using Guid(62866ae7b565c4370a4f58d31754cbbb) Importer(815301076,1909f56bfc062723c751e8b465ee728b)  -> (artifact id: 'e9a5c868d12ef3a51d2a05910c6f18b6') in 0.123419 seconds 
  Import took 0.215822 seconds .

========================================================================
Received Import Request.
  Time since last request: 0.000882 seconds.
  path: Assets/Toon Racing/Prefabs/Cars/Rally/Rally_Car_4A.prefab
  artifactKey: Guid(adde6a3169b244a50ae2377121e2e60f) Importer(815301076,1909f56bfc062723c751e8b465ee728b)
Start importing Assets/Toon Racing/Prefabs/Cars/Rally/Rally_Car_4A.prefab using Guid(adde6a3169b244a50ae2377121e2e60f) Importer(815301076,1909f56bfc062723c751e8b465ee728b)  -> (artifact id: 'cc3f6770790d1b81e3082756febe74dc') in 0.101634 seconds 
  Import took 0.131166 seconds .

========================================================================
Received Import Request.
  Time since last request: 0.000918 seconds.
  path: Assets/Toon Racing/Prefabs/Cars/Rally/Rally_Car_3A.prefab
  artifactKey: Guid(feecd96ddcc5745628257de8cb099d6b) Importer(815301076,1909f56bfc062723c751e8b465ee728b)
Start importing Assets/Toon Racing/Prefabs/Cars/Rally/Rally_Car_3A.prefab using Guid(feecd96ddcc5745628257de8cb099d6b) Importer(815301076,1909f56bfc062723c751e8b465ee728b)  -> (artifact id: '632c4e252134788e4e37b226ff475c7a') in 0.147466 seconds 
  Import took 0.163112 seconds .

========================================================================
Received Import Request.
  Time since last request: 0.000947 seconds.
  path: Assets/Prefabs/Rally_Car_4A.prefab
  artifactKey: Guid(08e1f2466b6f00648b55b310d40414f4) Importer(815301076,1909f56bfc062723c751e8b465ee728b)
Start importing Assets/Prefabs/Rally_Car_4A.prefab using Guid(08e1f2466b6f00648b55b310d40414f4) Importer(815301076,1909f56bfc062723c751e8b465ee728b)  -> (artifact id: '209f401e0d83fbbd32ba4504b8736f78') in 0.129493 seconds 
  Import took 0.208690 seconds .

========================================================================
Received Import Request.
  Time since last request: 0.000899 seconds.
  path: Assets/Toon Racing/Prefabs/Cars/Rally/Rally_Car_3B.prefab
  artifactKey: Guid(e0f7ca5d1e52241cb82199fc3efe245b) Importer(815301076,1909f56bfc062723c751e8b465ee728b)
Start importing Assets/Toon Racing/Prefabs/Cars/Rally/Rally_Car_3B.prefab using Guid(e0f7ca5d1e52241cb82199fc3efe245b) Importer(815301076,1909f56bfc062723c751e8b465ee728b)  -> (artifact id: '72f172b0099566253a2cd5ac912d2190') in 0.097847 seconds 
  Import took 0.126607 seconds .

========================================================================
Received Import Request.
  Time since last request: 0.000884 seconds.
  path: Assets/Toon Racing/Models/Rally_Car_3A.fbx
  artifactKey: Guid(6ed0208f3808246f690c40c973118283) Importer(815301076,1909f56bfc062723c751e8b465ee728b)
Start importing Assets/Toon Racing/Models/Rally_Car_3A.fbx using Guid(6ed0208f3808246f690c40c973118283) Importer(815301076,1909f56bfc062723c751e8b465ee728b)  -> (artifact id: '64996f392649b98e1372d7feed32e11f') in 0.544307 seconds 
  Import took 0.561366 seconds .

========================================================================
Received Import Request.
  Time since last request: 0.000102 seconds.
  path: Assets/Toon Racing/Models/Colliders/Rally_Car_2A_MeshCollider.fbx
  artifactKey: Guid(33adf916b6a4a4a658637e36a6099dd8) Importer(815301076,1909f56bfc062723c751e8b465ee728b)
Start importing Assets/Toon Racing/Models/Colliders/Rally_Car_2A_MeshCollider.fbx using Guid(33adf916b6a4a4a658637e36a6099dd8) Importer(815301076,1909f56bfc062723c751e8b465ee728b)  -> (artifact id: '38629d5c90fd64ed1e27ece5e6c07d5a') in 0.093253 seconds 
  Import took 0.149399 seconds .

========================================================================
Received Import Request.
  Time since last request: 0.000945 seconds.
  path: Assets/Toon Racing/Prefabs/Cars/Rally/Rally_Car_2B.prefab
  artifactKey: Guid(75e65f2b91ba84bc4a655501f54df469) Importer(815301076,1909f56bfc062723c751e8b465ee728b)
Start importing Assets/Toon Racing/Prefabs/Cars/Rally/Rally_Car_2B.prefab using Guid(75e65f2b91ba84bc4a655501f54df469) Importer(815301076,1909f56bfc062723c751e8b465ee728b)  -> (artifact id: '84537d9d7a5683f199f6ea6d49c2e4b6') in 0.172316 seconds 
  Import took 0.212966 seconds .

========================================================================
Received Import Request.
  Time since last request: 0.000923 seconds.
  path: Assets/Toon Racing/Prefabs/Cars/Rally/Rally_Car_2A.prefab
  artifactKey: Guid(6297f5873427b4a6186eeed06fb4ec91) Importer(815301076,1909f56bfc062723c751e8b465ee728b)
Start importing Assets/Toon Racing/Prefabs/Cars/Rally/Rally_Car_2A.prefab using Guid(6297f5873427b4a6186eeed06fb4ec91) Importer(815301076,1909f56bfc062723c751e8b465ee728b)  -> (artifact id: '9ed834915c85ba9e7cb366c83c557154') in 0.091895 seconds 
  Import took 0.132130 seconds .

========================================================================
Received Import Request.
  Time since last request: 0.000115 seconds.
  path: Assets/Toon Racing/Models/Rally_Car_4A.fbx
  artifactKey: Guid(2745bd9a9e5de45cf948c92de120f297) Importer(815301076,1909f56bfc062723c751e8b465ee728b)
Start importing Assets/Toon Racing/Models/Rally_Car_4A.fbx using Guid(2745bd9a9e5de45cf948c92de120f297) Importer(815301076,1909f56bfc062723c751e8b465ee728b)  -> (artifact id: '028df14d7e0d5127369fea8128b88339') in 0.496713 seconds 
  Import took 0.599211 seconds .

========================================================================
Received Import Request.
  Time since last request: 24.240635 seconds.
  path: Assets/Toon Racing/Models/Rocks_1A.fbx
  artifactKey: Guid(2512b87271265a440a0aac96c2961bee) Importer(815301076,1909f56bfc062723c751e8b465ee728b)
Start importing Assets/Toon Racing/Models/Rocks_1A.fbx using Guid(2512b87271265a440a0aac96c2961bee) Importer(815301076,1909f56bfc062723c751e8b465ee728b)  -> (artifact id: '237be07434a26bffe3516110f9d85a91') in 0.135688 seconds 
  Import took 0.154306 seconds .

========================================================================
Received Import Request.
  Time since last request: 0.000099 seconds.
  path: Assets/Toon Racing/Models/Rocks_1B.fbx
  artifactKey: Guid(4a36f5cf5b61e294bad27c696055601c) Importer(815301076,1909f56bfc062723c751e8b465ee728b)
Start importing Assets/Toon Racing/Models/Rocks_1B.fbx using Guid(4a36f5cf5b61e294bad27c696055601c) Importer(815301076,1909f56bfc062723c751e8b465ee728b)  -> (artifact id: 'e572e5d5fbb6793362715e71e72c07fa') in 0.138075 seconds 
  Import took 0.164354 seconds .

========================================================================
Received Import Request.
  Time since last request: 0.001044 seconds.
  path: Assets/Toon Racing/Prefabs/Props/Rocks_1A.prefab
  artifactKey: Guid(a3a084ebbb2e7dd4e96a28cd55b16705) Importer(815301076,1909f56bfc062723c751e8b465ee728b)
Start importing Assets/Toon Racing/Prefabs/Props/Rocks_1A.prefab using Guid(a3a084ebbb2e7dd4e96a28cd55b16705) Importer(815301076,1909f56bfc062723c751e8b465ee728b)  -> (artifact id: '2c1b95eff931819984a9d8e57a307f8d') in 0.037594 seconds 
  Import took 0.070365 seconds .

========================================================================
Received Import Request.
  Time since last request: 17.211117 seconds.
  path: Assets/Toon Racing/Prefabs/Props/Rocks_1B.prefab
  artifactKey: Guid(cfae4eb229870da4b8890b84f8475cab) Importer(815301076,1909f56bfc062723c751e8b465ee728b)
Start importing Assets/Toon Racing/Prefabs/Props/Rocks_1B.prefab using Guid(cfae4eb229870da4b8890b84f8475cab) Importer(815301076,1909f56bfc062723c751e8b465ee728b)  -> (artifact id: '2057773db7ac8dc3dd3f9e1c09fd14d8') in 0.106337 seconds 
  Import took 0.120539 seconds .

========================================================================
Received Import Request.
  Time since last request: 0.001309 seconds.
  path: Assets/Toon Racing/Models/Rotating_Platform_1A.fbx
  artifactKey: Guid(1149e681b17ea4e1ba4ad631341bd2d1) Importer(815301076,1909f56bfc062723c751e8b465ee728b)
Start importing Assets/Toon Racing/Models/Rotating_Platform_1A.fbx using Guid(1149e681b17ea4e1ba4ad631341bd2d1) Importer(815301076,1909f56bfc062723c751e8b465ee728b)  -> (artifact id: '3edc1c316ca42008da96fd626b3fe5b5') in 0.352824 seconds 
  Import took 0.376292 seconds .

========================================================================
Received Import Request.
  Time since last request: 0.001519 seconds.
  path: Assets/Toon Racing/Models/Rotation_Marker.fbx
  artifactKey: Guid(b96f419f2377540bb9cde62226506326) Importer(815301076,1909f56bfc062723c751e8b465ee728b)
Start importing Assets/Toon Racing/Models/Rotation_Marker.fbx using Guid(b96f419f2377540bb9cde62226506326) Importer(815301076,1909f56bfc062723c751e8b465ee728b)  -> (artifact id: 'e0cb9086162dec1d8068ffabab11b9d8') in 0.132383 seconds 
  Import took 0.146957 seconds .

========================================================================
Received Prepare
Registering precompiled user dll's ...
Registered in 0.007809 seconds.
Begin MonoManager ReloadAssembly
Native extension for WindowsStandalone target not found
Native extension for WebGL target not found
Refreshing native plugins compatible for Editor in 1.69 ms, found 2 plugins.
Preloading 0 native plugins for Editor in 0.00 ms.
Mono: successfully reloaded assembly
- Completed reload, in  2.869 seconds
Domain Reload Profiling:
	ReloadAssembly (2870ms)
		BeginReloadAssembly (381ms)
			ExecutionOrderSort (0ms)
			DisableScriptedObjects (26ms)
			BackupInstance (0ms)
			ReleaseScriptingObjects (0ms)
			CreateAndSetChildDomain (110ms)
		EndReloadAssembly (2379ms)
			LoadAssemblies (218ms)
			RebuildTransferFunctionScriptingTraits (0ms)
			SetupTypeCache (817ms)
			ReleaseScriptCaches (3ms)
			RebuildScriptCaches (142ms)
			SetupLoadedEditorAssemblies (798ms)
				LogAssemblyErrors (0ms)
				InitializePlatformSupportModulesInManaged (13ms)
				SetLoadedEditorAssemblies (1ms)
				RefreshPlugins (2ms)
				BeforeProcessingInitializeOnLoad (167ms)
				ProcessInitializeOnLoadAttributes (602ms)
				ProcessInitializeOnLoadMethodAttributes (6ms)
				AfterProcessingInitializeOnLoad (7ms)
				EditorAssembliesLoaded (0ms)
			ExecutionOrderSort2 (0ms)
			AwakeInstancesAfterBackupRestoration (33ms)
Platform modules already initialized, skipping
Refreshing native plugins compatible for Editor in 1.72 ms, found 2 plugins.
Preloading 0 native plugins for Editor in 0.00 ms.
Unloading 3095 Unused Serialized files (Serialized files now loaded: 0)
System memory in use before: 144.5 MB.
System memory in use after: 144.7 MB.

Unloading 14 unused Assets to reduce memory usage. Loaded Objects now: 3740.
Total: 6.942580 ms (FindLiveObjects: 0.569905 ms CreateObjectMapping: 0.298728 ms MarkObjects: 5.907567 ms  DeleteObjects: 0.163139 ms)

AssetImportParameters requested are different than current active one (requested -> active):
  custom:framework-win-MediaFoundation: 216162199b28c13a410421893ffa2e32 -> 
  custom:video-decoder-ogg-theora: a1e56fd34408186e4bbccfd4996cb3dc -> 
  custom:container-muxer-webm: aa71ff27fc2769a1b78a27578f13a17b -> 
  custom:container-demuxer-webm: 4f35f7cbe854078d1ac9338744f61a02 -> 
  custom:container-demuxer-ogg: 62fdf1f143b41e24485cea50d1cbac27 -> 
  custom:video-encoder-webm-vp8: eb34c28f22e8b96e1ab97ce403110664 -> 
  custom:video-decoder-webm-vp8: 9c59270c3fd7afecdb556c50c9e8de78 -> 
  custom:audio-decoder-ogg-vorbis: bf7c407c2cedff20999df2af8eb42d56 -> 
  custom:audio-encoder-webm-vorbis: bf7c407c2cedff20999df2af8eb42d56 -> 
